<?xml version="1.0" encoding="UTF-8"?>
<testsuite xmlns:xsi="http://www.w3.org/2001/XMLSchema-instance" xsi:noNamespaceSchemaLocation="https://maven.apache.org/surefire/maven-surefire-plugin/xsd/surefire-test-report-3.0.xsd" version="3.0" name="com.compiler.TokenizerTest" time="0.139" tests="20" errors="0" skipped="0" failures="0">
  <properties>
    <property name="java.specification.version" value="21"/>
    <property name="sun.jnu.encoding" value="UTF-8"/>
    <property name="java.class.path" value="/home/lenovo/Documentos/Fciencias/SeptimoSemestre/Compiladores/labs/team/Proyecto-Compilador/target/test-classes:/home/lenovo/Documentos/Fciencias/SeptimoSemestre/Compiladores/labs/team/Proyecto-Compilador/target/classes:/home/lenovo/.m2/repository/org/junit/jupiter/junit-jupiter/5.9.3/junit-jupiter-5.9.3.jar:/home/lenovo/.m2/repository/org/junit/jupiter/junit-jupiter-api/5.9.3/junit-jupiter-api-5.9.3.jar:/home/lenovo/.m2/repository/org/opentest4j/opentest4j/1.2.0/opentest4j-1.2.0.jar:/home/lenovo/.m2/repository/org/junit/platform/junit-platform-commons/1.9.3/junit-platform-commons-1.9.3.jar:/home/lenovo/.m2/repository/org/apiguardian/apiguardian-api/1.1.2/apiguardian-api-1.1.2.jar:/home/lenovo/.m2/repository/org/junit/jupiter/junit-jupiter-params/5.9.3/junit-jupiter-params-5.9.3.jar:/home/lenovo/.m2/repository/org/junit/jupiter/junit-jupiter-engine/5.9.3/junit-jupiter-engine-5.9.3.jar:/home/lenovo/.m2/repository/org/junit/platform/junit-platform-engine/1.9.3/junit-platform-engine-1.9.3.jar:"/>
    <property name="java.vm.vendor" value="Ubuntu"/>
    <property name="sun.arch.data.model" value="64"/>
    <property name="java.vendor.url" value="https://ubuntu.com/"/>
    <property name="os.name" value="Linux"/>
    <property name="java.vm.specification.version" value="21"/>
    <property name="sun.java.launcher" value="SUN_STANDARD"/>
    <property name="user.country" value="MX"/>
    <property name="sun.boot.library.path" value="/usr/lib/jvm/java-21-openjdk-amd64/lib"/>
    <property name="sun.java.command" value="/home/lenovo/Documentos/Fciencias/SeptimoSemestre/Compiladores/labs/team/Proyecto-Compilador/target/surefire/surefirebooter-20250916160317799_3.jar /home/lenovo/Documentos/Fciencias/SeptimoSemestre/Compiladores/labs/team/Proyecto-Compilador/target/surefire 2025-09-16T16-03-17_454-jvmRun1 surefire-20250916160317799_1tmp surefire_0-20250916160317799_2tmp"/>
    <property name="jdk.debug" value="release"/>
    <property name="surefire.test.class.path" value="/home/lenovo/Documentos/Fciencias/SeptimoSemestre/Compiladores/labs/team/Proyecto-Compilador/target/test-classes:/home/lenovo/Documentos/Fciencias/SeptimoSemestre/Compiladores/labs/team/Proyecto-Compilador/target/classes:/home/lenovo/.m2/repository/org/junit/jupiter/junit-jupiter/5.9.3/junit-jupiter-5.9.3.jar:/home/lenovo/.m2/repository/org/junit/jupiter/junit-jupiter-api/5.9.3/junit-jupiter-api-5.9.3.jar:/home/lenovo/.m2/repository/org/opentest4j/opentest4j/1.2.0/opentest4j-1.2.0.jar:/home/lenovo/.m2/repository/org/junit/platform/junit-platform-commons/1.9.3/junit-platform-commons-1.9.3.jar:/home/lenovo/.m2/repository/org/apiguardian/apiguardian-api/1.1.2/apiguardian-api-1.1.2.jar:/home/lenovo/.m2/repository/org/junit/jupiter/junit-jupiter-params/5.9.3/junit-jupiter-params-5.9.3.jar:/home/lenovo/.m2/repository/org/junit/jupiter/junit-jupiter-engine/5.9.3/junit-jupiter-engine-5.9.3.jar:/home/lenovo/.m2/repository/org/junit/platform/junit-platform-engine/1.9.3/junit-platform-engine-1.9.3.jar:"/>
    <property name="sun.cpu.endian" value="little"/>
    <property name="user.home" value="/home/lenovo"/>
    <property name="user.language" value="es"/>
    <property name="java.specification.vendor" value="Oracle Corporation"/>
    <property name="java.version.date" value="2025-07-15"/>
    <property name="java.home" value="/usr/lib/jvm/java-21-openjdk-amd64"/>
    <property name="file.separator" value="/"/>
    <property name="basedir" value="/home/lenovo/Documentos/Fciencias/SeptimoSemestre/Compiladores/labs/team/Proyecto-Compilador"/>
    <property name="java.vm.compressedOopsMode" value="32-bit"/>
    <property name="line.separator" value="&#10;"/>
    <property name="java.specification.name" value="Java Platform API Specification"/>
    <property name="java.vm.specification.vendor" value="Oracle Corporation"/>
    <property name="surefire.real.class.path" value="/home/lenovo/Documentos/Fciencias/SeptimoSemestre/Compiladores/labs/team/Proyecto-Compilador/target/surefire/surefirebooter-20250916160317799_3.jar"/>
    <property name="sun.management.compiler" value="HotSpot 64-Bit Tiered Compilers"/>
    <property name="java.runtime.version" value="21.0.8+9-Ubuntu-0ubuntu122.04.1"/>
    <property name="user.name" value="lenovo"/>
    <property name="stdout.encoding" value="UTF-8"/>
    <property name="path.separator" value=":"/>
    <property name="os.version" value="5.15.0-153-generic"/>
    <property name="java.runtime.name" value="OpenJDK Runtime Environment"/>
    <property name="file.encoding" value="UTF-8"/>
    <property name="java.vm.name" value="OpenJDK 64-Bit Server VM"/>
    <property name="localRepository" value="/home/lenovo/.m2/repository"/>
    <property name="java.vendor.url.bug" value="https://bugs.launchpad.net/ubuntu/+source/openjdk-21"/>
    <property name="java.io.tmpdir" value="/tmp"/>
    <property name="java.version" value="21.0.8"/>
    <property name="user.dir" value="/home/lenovo/Documentos/Fciencias/SeptimoSemestre/Compiladores/labs/team/Proyecto-Compilador"/>
    <property name="os.arch" value="amd64"/>
    <property name="java.vm.specification.name" value="Java Virtual Machine Specification"/>
    <property name="native.encoding" value="UTF-8"/>
    <property name="java.library.path" value="/usr/java/packages/lib:/usr/lib/x86_64-linux-gnu/jni:/lib/x86_64-linux-gnu:/usr/lib/x86_64-linux-gnu:/usr/lib/jni:/lib:/usr/lib"/>
    <property name="java.vm.info" value="mixed mode, sharing"/>
    <property name="stderr.encoding" value="UTF-8"/>
    <property name="java.vendor" value="Ubuntu"/>
    <property name="java.vm.version" value="21.0.8+9-Ubuntu-0ubuntu122.04.1"/>
    <property name="sun.io.unicode.encoding" value="UnicodeLittle"/>
    <property name="java.class.version" value="65.0"/>
  </properties>
  <testcase name="testMixedAlphanumeric" classname="com.compiler.TokenizerTest" time="0.03"/>
  <testcase name="testEmptyInput" classname="com.compiler.TokenizerTest" time="0.003"/>
  <testcase name="testTokenCountVariations(String, int)[1]" classname="com.compiler.TokenizerTest" time="0.011"/>
  <testcase name="testTokenCountVariations(String, int)[2]" classname="com.compiler.TokenizerTest" time="0.005"/>
  <testcase name="testTokenCountVariations(String, int)[3]" classname="com.compiler.TokenizerTest" time="0.005"/>
  <testcase name="testTokenCountVariations(String, int)[4]" classname="com.compiler.TokenizerTest" time="0.004"/>
  <testcase name="testTokenCountVariations(String, int)[5]" classname="com.compiler.TokenizerTest" time="0.004"/>
  <testcase name="testKleeneStarOperator" classname="com.compiler.TokenizerTest" time="0.002"/>
  <testcase name="testBasicTokenization" classname="com.compiler.TokenizerTest" time="0.003"/>
  <testcase name="testWhitespaceHandling" classname="com.compiler.TokenizerTest" time="0.002"/>
  <testcase name="testAlternationBasic" classname="com.compiler.TokenizerTest" time="0.004"/>
  <testcase name="testPriorityOrdering" classname="com.compiler.TokenizerTest" time="0.002"/>
  <testcase name="testErrorHandling" classname="com.compiler.TokenizerTest" time="0.019"/>
  <testcase name="testTokenValueConsistency" classname="com.compiler.TokenizerTest" time="0.002"/>
  <testcase name="testMultipleConsecutiveTokens" classname="com.compiler.TokenizerTest" time="0.002"/>
  <testcase name="testLargeInput" classname="com.compiler.TokenizerTest" time="0.003"/>
  <testcase name="testComplexPattern" classname="com.compiler.TokenizerTest" time="0.003"/>
  <testcase name="testOptionalOperator" classname="com.compiler.TokenizerTest" time="0.002"/>
  <testcase name="testLongestMatchStrategy" classname="com.compiler.TokenizerTest" time="0.004"/>
  <testcase name="testSingleCharacterInput" classname="com.compiler.TokenizerTest" time="0.001"/>
</testsuite>